<?xml version="1.0" encoding="UTF-8"?>
<!-- Generated by org.testng.reporters.JUnitReportReporter -->
<testsuite hostname="DELL-PC" name="com.test.TestCase004" tests="1" failures="0" timestamp="16 Aug 2017 19:20:33 GMT" time="9.752" errors="0">
  <testcase name="TestCase4" time="9.752" classname="com.test.TestCase004"/>
</testsuite> <!-- com.test.TestCase004 -->
