<?xml version="1.0" encoding="UTF-8"?>
<!-- Generated by org.testng.reporters.JUnitReportReporter -->
<testsuite hostname="DELL-PC" name="com.test.TestCase005" tests="1" failures="0" timestamp="17 Aug 2017 14:35:00 GMT" time="11.710" errors="0">
  <testcase name="TestCase5" time="11.710" classname="com.test.TestCase005"/>
</testsuite> <!-- com.test.TestCase005 -->
