<?xml version="1.0" encoding="UTF-8"?>
<!-- Generated by org.testng.reporters.JUnitReportReporter -->
<testsuite hostname="DELL-PC" name="com.test.TestCase009" tests="1" failures="0" timestamp="18 Aug 2017 18:59:59 GMT" time="6.464" errors="0">
  <testcase name="TestCase9" time="6.464" classname="com.test.TestCase009"/>
</testsuite> <!-- com.test.TestCase009 -->
