<?xml version="1.0" encoding="UTF-8"?>
<!-- Generated by org.testng.reporters.JUnitReportReporter -->
<testsuite hostname="DELL-PC" name="com.test.TestCase002" tests="1" failures="0" timestamp="15 Aug 2017 08:18:32 GMT" time="7.557" errors="0">
  <testcase name="TestCase2" time="7.557" classname="com.test.TestCase002"/>
</testsuite> <!-- com.test.TestCase002 -->
