<?xml version="1.0" encoding="UTF-8"?>
<!-- Generated by org.testng.reporters.JUnitReportReporter -->
<testsuite hostname="DELL-PC" name="com.test.TestCase003" tests="1" failures="0" timestamp="15 Aug 2017 18:01:38 GMT" time="7.563" errors="0">
  <testcase name="TestCase3" time="7.563" classname="com.test.TestCase003"/>
</testsuite> <!-- com.test.TestCase003 -->
