<?xml version="1.0" encoding="UTF-8"?>
<!-- Generated by org.testng.reporters.JUnitReportReporter -->
<testsuite hostname="DELL-PC" name="com.test.TestCase007" tests="1" failures="0" timestamp="22 Aug 2017 15:43:23 GMT" time="16.141" errors="0">
  <testcase name="TestCase7" time="16.141" classname="com.test.TestCase007"/>
</testsuite> <!-- com.test.TestCase007 -->
